<?xml version="1.0" encoding="UTF-8"?>
<testng-results ignored="0" total="2" passed="2" failed="0" skipped="0">
  <reporter-output>
  </reporter-output>
  <suite started-at="2022-01-11T16:17:53Z" name="Suite" finished-at="2022-01-11T16:18:15Z" duration-ms="22325">
    <groups>
    </groups>
    <test started-at="2022-01-11T16:17:53Z" name="Test" finished-at="2022-01-11T16:18:15Z" duration-ms="22325">
      <class name="com.learnAutomation.testcases.LoginTestCRM">
        <test-method is-config="true" signature="setUpSuite()[pri:0, instance:com.learnAutomation.testcases.LoginTestCRM@3527942a]" started-at="2022-01-11T21:47:52Z" name="setUpSuite" finished-at="2022-01-11T21:47:53Z" duration-ms="919" status="PASS">
          <reporter-output>
          </reporter-output>
        </test-method> <!-- setUpSuite -->
        <test-method is-config="true" signature="startUp()[pri:0, instance:com.learnAutomation.testcases.LoginTestCRM@3527942a]" started-at="2022-01-11T21:47:53Z" name="startUp" finished-at="2022-01-11T21:48:08Z" duration-ms="14890" status="PASS">
          <reporter-output>
          </reporter-output>
        </test-method> <!-- startUp -->
        <test-method signature="loginApp()[pri:1, instance:com.learnAutomation.testcases.LoginTestCRM@3527942a]" started-at="2022-01-11T21:48:08Z" name="loginApp" finished-at="2022-01-11T21:48:12Z" duration-ms="4731" status="PASS">
          <reporter-output>
          </reporter-output>
        </test-method> <!-- loginApp -->
        <test-method is-config="true" signature="tearDownMethod(org.testng.ITestResult)[pri:0, instance:com.learnAutomation.testcases.LoginTestCRM@3527942a]" started-at="2022-01-11T21:48:12Z" name="tearDownMethod" finished-at="2022-01-11T21:48:13Z" duration-ms="834" status="PASS">
          <params>
            <param index="0">
              <value>
                <![CDATA[[TestResult name=loginApp status=SUCCESS method=LoginTestCRM.loginApp()[pri:1, instance:com.learnAutomation.testcases.LoginTestCRM@3527942a] output={null}]]]>
              </value>
            </param>
          </params>
          <reporter-output>
          </reporter-output>
        </test-method> <!-- tearDownMethod -->
        <test-method signature="loginApp1()[pri:2, instance:com.learnAutomation.testcases.LoginTestCRM@3527942a]" started-at="2022-01-11T21:48:13Z" name="loginApp1" finished-at="2022-01-11T21:48:13Z" duration-ms="4" status="PASS">
          <reporter-output>
          </reporter-output>
        </test-method> <!-- loginApp1 -->
        <test-method is-config="true" signature="tearDownMethod(org.testng.ITestResult)[pri:0, instance:com.learnAutomation.testcases.LoginTestCRM@3527942a]" started-at="2022-01-11T21:48:13Z" name="tearDownMethod" finished-at="2022-01-11T21:48:14Z" duration-ms="1124" status="PASS">
          <params>
            <param index="0">
              <value>
                <![CDATA[[TestResult name=loginApp1 status=SUCCESS method=LoginTestCRM.loginApp1()[pri:2, instance:com.learnAutomation.testcases.LoginTestCRM@3527942a] output={null}]]]>
              </value>
            </param>
          </params>
          <reporter-output>
          </reporter-output>
        </test-method> <!-- tearDownMethod -->
        <test-method is-config="true" signature="tearDown()[pri:0, instance:com.learnAutomation.testcases.LoginTestCRM@3527942a]" started-at="2022-01-11T21:48:14Z" name="tearDown" finished-at="2022-01-11T21:48:15Z" duration-ms="713" status="PASS">
          <reporter-output>
          </reporter-output>
        </test-method> <!-- tearDown -->
      </class> <!-- com.learnAutomation.testcases.LoginTestCRM -->
    </test> <!-- Test -->
  </suite> <!-- Suite -->
</testng-results>
